{
  "stats": {
    "suites": 1,
    "tests": 4,
    "passes": 3,
    "pending": 0,
    "failures": 1,
    "start": "2023-10-20T19:13:31.848Z",
    "end": "2023-10-20T19:14:17.875Z",
    "duration": 46027,
    "testsRegistered": 4,
    "passPercent": 75,
    "pendingPercent": 0,
    "other": 0,
    "hasOther": false,
    "skipped": 0,
    "hasSkipped": false
  },
  "results": [
    {
      "uuid": "0f386cdc-5ef9-4f2d-80be-2eb189bfaf4e",
      "title": "",
      "fullFile": "cypress\\e2e\\testCases\\bcciCricketSampleTCs.cy.js",
      "file": "cypress\\e2e\\testCases\\bcciCricketSampleTCs.cy.js",
      "beforeHooks": [],
      "afterHooks": [],
      "tests": [],
      "suites": [
        {
          "uuid": "54cd5b8f-06a0-4617-9d39-b461a927ff46",
          "title": "example to-do app",
          "fullFile": "",
          "file": "",
          "beforeHooks": [],
          "afterHooks": [],
          "tests": [
            {
              "title": "TC-01 Search Functionality",
              "fullTitle": "example to-do app TC-01 Search Functionality",
              "timedOut": null,
              "duration": 9502,
              "state": "passed",
              "speed": "medium",
              "pass": true,
              "fail": false,
              "pending": false,
              "context": null,
              "code": "cy.get(objRepo.icon_Search).click();\ncy.get(objRepo.txt_SearchBox).type(testData.search_Data);\ncy.xpath(objRepo.btn_Search).click();\ncy.xpath(objRepo.page_Search).should('have.text', 'Search Results');",
              "err": {},
              "uuid": "0b2cce9c-7e72-4379-b84a-63e3a606737e",
              "parentUUID": "54cd5b8f-06a0-4617-9d39-b461a927ff46",
              "isHook": false,
              "skipped": false
            },
            {
              "title": "TC-02 Play Search Result Video",
              "fullTitle": "example to-do app TC-02 Play Search Result Video",
              "timedOut": null,
              "duration": 12381,
              "state": "passed",
              "speed": "slow",
              "pass": true,
              "fail": false,
              "pending": false,
              "context": null,
              "code": "cy.get(objRepo.icon_Search).click();\ncy.get(objRepo.txt_SearchBox).type(testData.search_Data);\ncy.xpath(objRepo.btn_Search).click();\ncy.xpath(objRepo.page_Search).should('have.text', 'Search Results');\ncy.xpath(objRepo.play_Video).click({\n  force: true\n});\ncy.wait(5000);\ncy.xpath(objRepo.icon_Close).click();",
              "err": {},
              "uuid": "5ce0a877-1924-4339-8b1f-e4ff596df1c7",
              "parentUUID": "54cd5b8f-06a0-4617-9d39-b461a927ff46",
              "isHook": false,
              "skipped": false
            },
            {
              "title": "TC-03 Get ODI Team Rankings list",
              "fullTitle": "example to-do app TC-03 Get ODI Team Rankings list",
              "timedOut": null,
              "duration": 13502,
              "state": "failed",
              "speed": null,
              "pass": false,
              "fail": true,
              "pending": false,
              "context": null,
              "code": "const countryNames = {\n  Country_1: 'Pakistan',\n  Country_2: 'South Africa',\n  Country_3: 'India',\n  Country_4: 'New Zealand',\n  Country_5: 'West Indies',\n  Country_6: 'Sri Lanka',\n  Country_7: 'Bangladesh',\n  Country_8: 'Thailand',\n  Country_9: 'Australia'\n};\ncy.xpath(objRepo.menu_Rankings).click();\ncy.xpath(objRepo.btn_ODI).click();\ncy.xpath(objRepo.country1).should('have.text', countryNames.Country_1);\ncy.xpath(objRepo.country2).should('have.text', countryNames.Country_2);\ncy.xpath(objRepo.country3).should('have.text', countryNames.Country_3);\ncy.xpath(objRepo.country4).should('have.text', countryNames.Country_4);\ncy.xpath(objRepo.country5).should('have.text', countryNames.Country_5);\ncy.xpath(objRepo.country6).should('have.text', countryNames.Country_6);\ncy.xpath(objRepo.country7).should('have.text', countryNames.Country_7);\ncy.xpath(objRepo.country8).should('have.text', countryNames.Country_8);\ncy.xpath(objRepo.country9).should('have.text', countryNames.Country_9);",
              "err": {
                "message": "AssertionError: Timed out retrying after 4000ms: expected '<h6>' to have text 'India', but the text was 'Australia'",
                "estack": "AssertionError: Timed out retrying after 4000ms: expected '<h6>' to have text 'India', but the text was 'Australia'\n    at Context.eval (webpack://cypressbcci/./cypress/e2e/testCases/bcciCricketSampleTCs.cy.js:57:31)",
                "diff": "- 'Australia'\n+ 'India'\n"
              },
              "uuid": "04c7e85b-2a45-4ac3-987c-5719c3a0ecf9",
              "parentUUID": "54cd5b8f-06a0-4617-9d39-b461a927ff46",
              "isHook": false,
              "skipped": false
            },
            {
              "title": "TC-04 Get ODI Player Rankings",
              "fullTitle": "example to-do app TC-04 Get ODI Player Rankings",
              "timedOut": null,
              "duration": 6926,
              "state": "passed",
              "speed": "medium",
              "pass": true,
              "fail": false,
              "pending": false,
              "context": null,
              "code": "cy.xpath(objRepo.menu_Rankings).click();\ncy.xpath(objRepo.btn_ODI).click();\ncy.xpath(objRepo.arrow_playerRankings).click();",
              "err": {},
              "uuid": "4ae1807b-f021-43d5-a294-c0ed9febd39c",
              "parentUUID": "54cd5b8f-06a0-4617-9d39-b461a927ff46",
              "isHook": false,
              "skipped": false
            }
          ],
          "suites": [],
          "passes": [
            "0b2cce9c-7e72-4379-b84a-63e3a606737e",
            "5ce0a877-1924-4339-8b1f-e4ff596df1c7",
            "4ae1807b-f021-43d5-a294-c0ed9febd39c"
          ],
          "failures": [
            "04c7e85b-2a45-4ac3-987c-5719c3a0ecf9"
          ],
          "pending": [],
          "skipped": [],
          "duration": 42311,
          "root": false,
          "rootEmpty": false,
          "_timeout": 2000
        }
      ],
      "passes": [],
      "failures": [],
      "pending": [],
      "skipped": [],
      "duration": 0,
      "root": true,
      "rootEmpty": true,
      "_timeout": 2000
    }
  ],
  "meta": {
    "mocha": {
      "version": "7.0.1"
    },
    "mochawesome": {
      "options": {
        "quiet": false,
        "reportFilename": "mochawesome",
        "saveHtml": true,
        "saveJson": true,
        "consoleReporter": "spec",
        "useInlineDiffs": false,
        "code": true
      },
      "version": "7.1.3"
    },
    "marge": {
      "options": {
        "reportDir": "cypress/report/mochawesome-report",
        "overwrite": false,
        "html": true,
        "json": true,
        "timestamp": "mmDDyyyy_HHmmss"
      },
      "version": "6.2.0"
    }
  }
}